# JRE version: OpenJDK Runtime Environment (8.0_242-b01) (build 1.8.0_242-release-1644-b01)
# Java VM: OpenJDK 64-Bit Server VM (25.242-b01 mixed mode windows-amd64 compressed oops)
Heap:
 PSYoungGen      total 202240K, used 90360K [0x00000000e0000000, 0x00000000ee100000, 0x0000000100000000)
  eden space 184832K, 48% used [0x00000000e0000000,0x00000000e583e0a0,0x00000000eb480000)
  from space 17408K, 0% used [0x00000000ec980000,0x00000000ec980000,0x00000000eda80000)
  to   space 21504K, 0% used [0x00000000eb480000,0x00000000eb480000,0x00000000ec980000)
 ParOldGen       total 151552K, used 34713K [0x00000000a0000000, 0x00000000a9400000, 0x00000000e0000000)
  object space 151552K, 22% used [0x00000000a0000000,0x00000000a21e67d8,0x00000000a9400000)
 Metaspace       used 60227K, capacity 63000K, committed 63272K, reserved 1103872K
  class space    used 8336K, capacity 8905K, committed 9008K, reserved 1048576K
GC Heap History (10 events):
Event: 7.764 GC heap before
{Heap before GC invocations=9 (full 1):
 PSYoungGen      total 141824K, used 24767K [0x00000000e0000000, 0x00000000eaf80000, 0x0000000100000000)
  eden space 129024K, 10% used [0x00000000e0000000,0x00000000e0d88640,0x00000000e7e00000)
  from space 12800K, 85% used [0x00000000e7e00000,0x00000000e88a7778,0x00000000e8a80000)
  to   space 13824K, 0% used [0x00000000ea200000,0x00000000ea200000,0x00000000eaf80000)
 ParOldGen       total 67072K, used 11452K [0x00000000a0000000, 0x00000000a4180000, 0x00000000e0000000)
  object space 67072K, 17% used [0x00000000a0000000,0x00000000a0b2f110,0x00000000a4180000)
 Metaspace       used 34589K, capacity 35410K, committed 35496K, reserved 1079296K
  class space    used 4744K, capacity 4972K, committed 5040K, reserved 1048576K
Event: 7.778 GC heap after
Heap after GC invocations=9 (full 1):
 PSYoungGen      total 166400K, used 7274K [0x00000000e0000000, 0x00000000ee980000, 0x0000000100000000)
  eden space 152576K, 0% used [0x00000000e0000000,0x00000000e0000000,0x00000000e9500000)
  from space 13824K, 52% used [0x00000000ea200000,0x00000000ea91ab68,0x00000000eaf80000)
  to   space 13312K, 0% used [0x00000000e9500000,0x00000000e9500000,0x00000000ea200000)
 ParOldGen       total 67072K, used 11460K [0x00000000a0000000, 0x00000000a4180000, 0x00000000e0000000)
  object space 67072K, 17% used [0x00000000a0000000,0x00000000a0b31110,0x00000000a4180000)
 Metaspace       used 34589K, capacity 35410K, committed 35496K, reserved 1079296K
  class space    used 4744K, capacity 4972K, committed 5040K, reserved 1048576K
}
Event: 7.778 GC heap before
{Heap before GC invocations=10 (full 2):
 PSYoungGen      total 166400K, used 7274K [0x00000000e0000000, 0x00000000ee980000, 0x0000000100000000)
  eden space 152576K, 0% used [0x00000000e0000000,0x00000000e0000000,0x00000000e9500000)
  from space 13824K, 52% used [0x00000000ea200000,0x00000000ea91ab68,0x00000000eaf80000)
  to   space 13312K, 0% used [0x00000000e9500000,0x00000000e9500000,0x00000000ea200000)
 ParOldGen       total 67072K, used 11460K [0x00000000a0000000, 0x00000000a4180000, 0x00000000e0000000)
  object space 67072K, 17% used [0x00000000a0000000,0x00000000a0b31110,0x00000000a4180000)
 Metaspace       used 34589K, capacity 35410K, committed 35496K, reserved 1079296K
  class space    used 4744K, capacity 4972K, committed 5040K, reserved 1048576K
Event: 7.910 GC heap after
Heap after GC invocations=10 (full 2):
 PSYoungGen      total 166400K, used 0K [0x00000000e0000000, 0x00000000ee980000, 0x0000000100000000)
  eden space 152576K, 0% used [0x00000000e0000000,0x00000000e0000000,0x00000000e9500000)
  from space 13824K, 0% used [0x00000000ea200000,0x00000000ea200000,0x00000000eaf80000)
  to   space 13312K, 0% used [0x00000000e9500000,0x00000000e9500000,0x00000000ea200000)
 ParOldGen       total 96768K, used 13983K [0x00000000a0000000, 0x00000000a5e80000, 0x00000000e0000000)
  object space 96768K, 14% used [0x00000000a0000000,0x00000000a0da7c48,0x00000000a5e80000)
 Metaspace       used 34589K, capacity 35410K, committed 35496K, reserved 1079296K
  class space    used 4744K, capacity 4972K, committed 5040K, reserved 1048576K
}
Event: 12.372 GC heap before
{Heap before GC invocations=11 (full 2):
 PSYoungGen      total 166400K, used 152576K [0x00000000e0000000, 0x00000000ee980000, 0x0000000100000000)
  eden space 152576K, 100% used [0x00000000e0000000,0x00000000e9500000,0x00000000e9500000)
  from space 13824K, 0% used [0x00000000ea200000,0x00000000ea200000,0x00000000eaf80000)
  to   space 13312K, 0% used [0x00000000e9500000,0x00000000e9500000,0x00000000ea200000)
 ParOldGen       total 96768K, used 13983K [0x00000000a0000000, 0x00000000a5e80000, 0x00000000e0000000)
  object space 96768K, 14% used [0x00000000a0000000,0x00000000a0da7c48,0x00000000a5e80000)
 Metaspace       used 47085K, capacity 48558K, committed 48680K, reserved 1091584K
  class space    used 6343K, capacity 6701K, committed 6704K, reserved 1048576K
Event: 12.400 GC heap after
Heap after GC invocations=11 (full 2):
 PSYoungGen      total 165888K, used 13296K [0x00000000e0000000, 0x00000000eda80000, 0x0000000100000000)
  eden space 152576K, 0% used [0x00000000e0000000,0x00000000e0000000,0x00000000e9500000)
  from space 13312K, 99% used [0x00000000e9500000,0x00000000ea1fc3a8,0x00000000ea200000)
  to   space 17408K, 0% used [0x00000000ec980000,0x00000000ec980000,0x00000000eda80000)
 ParOldGen       total 96768K, used 20397K [0x00000000a0000000, 0x00000000a5e80000, 0x00000000e0000000)
  object space 96768K, 21% used [0x00000000a0000000,0x00000000a13eb6b0,0x00000000a5e80000)
 Metaspace       used 47085K, capacity 48558K, committed 48680K, reserved 1091584K
  class space    used 6343K, capacity 6701K, committed 6704K, reserved 1048576K
}
Event: 15.617 GC heap before
{Heap before GC invocations=12 (full 2):
 PSYoungGen      total 165888K, used 126909K [0x00000000e0000000, 0x00000000eda80000, 0x0000000100000000)
  eden space 152576K, 74% used [0x00000000e0000000,0x00000000e6ef30c8,0x00000000e9500000)
  from space 13312K, 99% used [0x00000000e9500000,0x00000000ea1fc3a8,0x00000000ea200000)
  to   space 17408K, 0% used [0x00000000ec980000,0x00000000ec980000,0x00000000eda80000)
 ParOldGen       total 96768K, used 20397K [0x00000000a0000000, 0x00000000a5e80000, 0x00000000e0000000)
  object space 96768K, 21% used [0x00000000a0000000,0x00000000a13eb6b0,0x00000000a5e80000)
 Metaspace       used 57003K, capacity 59036K, committed 59160K, reserved 1099776K
  class space    used 7815K, capacity 8291K, committed 8368K, reserved 1048576K
Event: 15.655 GC heap after
Heap after GC invocations=12 (full 2):
 PSYoungGen      total 202240K, used 17393K [0x00000000e0000000, 0x00000000ee100000, 0x0000000100000000)
  eden space 184832K, 0% used [0x00000000e0000000,0x00000000e0000000,0x00000000eb480000)
  from space 17408K, 99% used [0x00000000ec980000,0x00000000eda7c4b8,0x00000000eda80000)
  to   space 21504K, 0% used [0x00000000eb480000,0x00000000eb480000,0x00000000ec980000)
 ParOldGen       total 96768K, used 25689K [0x00000000a0000000, 0x00000000a5e80000, 0x00000000e0000000)
  object space 96768K, 26% used [0x00000000a0000000,0x00000000a1916410,0x00000000a5e80000)
 Metaspace       used 57003K, capacity 59036K, committed 59160K, reserved 1099776K
  class space    used 7815K, capacity 8291K, committed 8368K, reserved 1048576K
}
Event: 15.655 GC heap before
{Heap before GC invocations=13 (full 3):
 PSYoungGen      total 202240K, used 17393K [0x00000000e0000000, 0x00000000ee100000, 0x0000000100000000)
  eden space 184832K, 0% used [0x00000000e0000000,0x00000000e0000000,0x00000000eb480000)
  from space 17408K, 99% used [0x00000000ec980000,0x00000000eda7c4b8,0x00000000eda80000)
  to   space 21504K, 0% used [0x00000000eb480000,0x00000000eb480000,0x00000000ec980000)
 ParOldGen       total 96768K, used 25689K [0x00000000a0000000, 0x00000000a5e80000, 0x00000000e0000000)
  object space 96768K, 26% used [0x00000000a0000000,0x00000000a1916410,0x00000000a5e80000)
 Metaspace       used 57003K, capacity 59036K, committed 59160K, reserved 1099776K
  class space    used 7815K, capacity 8291K, committed 8368K, reserved 1048576K
Event: 16.028 GC heap after
Heap after GC invocations=13 (full 3):
 PSYoungGen      total 202240K, used 0K [0x00000000e0000000, 0x00000000ee100000, 0x0000000100000000)
  eden space 184832K, 0% used [0x00000000e0000000,0x00000000e0000000,0x00000000eb480000)
  from space 17408K, 0% used [0x00000000ec980000,0x00000000ec980000,0x00000000eda80000)
  to   space 21504K, 0% used [0x00000000eb480000,0x00000000eb480000,0x00000000ec980000)
 ParOldGen       total 151552K, used 34713K [0x00000000a0000000, 0x00000000a9400000, 0x00000000e0000000)
  object space 151552K, 22% used [0x00000000a0000000,0x00000000a21e67d8,0x00000000a9400000)
 Metaspace       used 56982K, capacity 58958K, committed 59160K, reserved 1099776K
  class space    used 7808K, capacity 8278K, committed 8368K, reserved 1048576K
}

